2023-11-14 12:01:22.370 [info] Extension host with pid 69820 started
2023-11-14 12:01:22.488 [info] ExtensionService#_doActivateExtension vscode.emmet, startup: false, activationEvent: 'onLanguage'
2023-11-14 12:01:23.091 [info] ExtensionService#_doActivateExtension vscode.git-base, startup: true, activationEvent: '*'
2023-11-14 12:01:23.155 [info] ExtensionService#_doActivateExtension vscode.github, startup: true, activationEvent: '*'
2023-11-14 12:01:23.213 [info] Eager extensions activated
2023-11-14 12:01:23.231 [info] ExtensionService#_doActivateExtension vscode.debug-auto-launch, startup: false, activationEvent: 'onStartupFinished'
2023-11-14 12:01:23.236 [info] ExtensionService#_doActivateExtension vscode.merge-conflict, startup: false, activationEvent: 'onStartupFinished'
2023-11-14 12:01:40.620 [info] Extension host terminating: renderer closed the MessagePort
2023-11-14 12:01:40.634 [info] Extension host with pid 69820 exiting with code 0
2023-11-14 12:01:43.294 [info] Extension host with pid 69938 started
2023-11-14 12:01:43.294 [info] Skipping acquiring lock for /home/vanderson/.config/Code/User/workspaceStorage/1d0ae44524410a1f6346a0b602df73ac.
2023-11-14 12:01:43.365 [info] ExtensionService#_doActivateExtension vscode.git-base, startup: true, activationEvent: '*'
2023-11-14 12:01:43.457 [info] ExtensionService#_doActivateExtension vscode.github, startup: true, activationEvent: '*'
2023-11-14 12:01:43.528 [info] Eager extensions activated
2023-11-14 12:01:43.542 [info] ExtensionService#_doActivateExtension vscode.debug-auto-launch, startup: false, activationEvent: 'onStartupFinished'
2023-11-14 12:01:43.547 [info] ExtensionService#_doActivateExtension vscode.merge-conflict, startup: false, activationEvent: 'onStartupFinished'
2023-11-14 12:01:47.392 [info] ExtensionService#_doActivateExtension vscode.git, startup: false, activationEvent: 'api', root cause: vscode.github
2023-11-14 12:01:47.642 [info] ExtensionService#_doActivateExtension mcu-debug.debug-tracker-vscode, startup: false, activationEvent: 'onStartupFinished', root cause: marus25.cortex-debug
2023-11-14 12:01:47.656 [info] ExtensionService#_doActivateExtension mcu-debug.peripheral-viewer, startup: false, activationEvent: 'onStartupFinished', root cause: marus25.cortex-debug
2023-11-14 12:01:47.788 [info] ExtensionService#_doActivateExtension ms-vscode.cpptools, startup: false, activationEvent: 'workspaceContains:/.vscode/c_cpp_properties.json'
2023-11-14 12:01:48.365 [info] ExtensionService#_doActivateExtension mcu-debug.memory-view, startup: false, activationEvent: 'onStartupFinished', root cause: marus25.cortex-debug
2023-11-14 12:01:48.438 [info] ExtensionService#_doActivateExtension mcu-debug.rtos-views, startup: false, activationEvent: 'onStartupFinished', root cause: marus25.cortex-debug
2023-11-14 12:01:48.543 [info] ExtensionService#_doActivateExtension marus25.cortex-debug, startup: false, activationEvent: 'onStartupFinished'
2023-11-14 12:01:48.707 [info] ExtensionService#_doActivateExtension bmd.stm32-for-vscode, startup: false, activationEvent: 'workspaceContains:STM32-for-VSCode.config.yaml'
2023-11-14 12:01:49.480 [info] ExtensionService#_doActivateExtension vscode.extension-editing, startup: false, activationEvent: 'onLanguage:json'
2023-11-14 12:01:49.522 [info] ExtensionService#_doActivateExtension vscode.json-language-features, startup: false, activationEvent: 'onLanguage:json'
2023-11-14 12:01:49.679 [info] ExtensionService#_doActivateExtension vscode.npm, startup: false, activationEvent: 'onLanguage:json'
2023-11-14 12:01:49.760 [info] ExtensionService#_doActivateExtension vscode.emmet, startup: false, activationEvent: 'onLanguage'
2023-11-14 12:01:49.821 [info] ExtensionService#_doActivateExtension vscode.typescript-language-features, startup: false, activationEvent: 'onLanguage:jsonc'
2023-11-14 12:05:32.729 [info] ExtensionService#_doActivateExtension vscode.debug-server-ready, startup: false, activationEvent: 'onDebugResolve'
2023-11-14 12:05:32.736 [info] ExtensionService#_doActivateExtension ms-vscode.vscode-embedded-tools, startup: false, activationEvent: 'onDebugResolve:cortex-debug'
2023-11-14 12:05:44.905 [error] Error: Invalid debug adapter
    at v.m (vscode-file://vscode-app/usr/share/code/resources/app/out/vs/workbench/workbench.desktop.main.js:1552:95)
    at v.$acceptDAExit (vscode-file://vscode-app/usr/share/code/resources/app/out/vs/workbench/workbench.desktop.main.js:1552:35)
    at p.S (vscode-file://vscode-app/usr/share/code/resources/app/out/vs/workbench/workbench.desktop.main.js:1560:18856)
    at p.Q (vscode-file://vscode-app/usr/share/code/resources/app/out/vs/workbench/workbench.desktop.main.js:1560:18622)
    at p.M (vscode-file://vscode-app/usr/share/code/resources/app/out/vs/workbench/workbench.desktop.main.js:1560:17715)
    at p.L (vscode-file://vscode-app/usr/share/code/resources/app/out/vs/workbench/workbench.desktop.main.js:1560:16933)
    at h.value (vscode-file://vscode-app/usr/share/code/resources/app/out/vs/workbench/workbench.desktop.main.js:1560:15597)
    at f.y (vscode-file://vscode-app/usr/share/code/resources/app/out/vs/workbench/workbench.desktop.main.js:87:1902)
    at f.fire (vscode-file://vscode-app/usr/share/code/resources/app/out/vs/workbench/workbench.desktop.main.js:87:2119)
    at s.fire (vscode-file://vscode-app/usr/share/code/resources/app/out/vs/workbench/workbench.desktop.main.js:616:14396)
    at Q.onmessage (vscode-file://vscode-app/usr/share/code/resources/app/out/vs/workbench/workbench.desktop.main.js:1655:1077)
2023-11-14 12:05:44.906 [error] Error: Invalid debug adapter
    at v.m (vscode-file://vscode-app/usr/share/code/resources/app/out/vs/workbench/workbench.desktop.main.js:1552:95)
    at v.$acceptDAError (vscode-file://vscode-app/usr/share/code/resources/app/out/vs/workbench/workbench.desktop.main.js:1551:7629)
    at p.S (vscode-file://vscode-app/usr/share/code/resources/app/out/vs/workbench/workbench.desktop.main.js:1560:18856)
    at p.Q (vscode-file://vscode-app/usr/share/code/resources/app/out/vs/workbench/workbench.desktop.main.js:1560:18622)
    at p.M (vscode-file://vscode-app/usr/share/code/resources/app/out/vs/workbench/workbench.desktop.main.js:1560:17715)
    at p.L (vscode-file://vscode-app/usr/share/code/resources/app/out/vs/workbench/workbench.desktop.main.js:1560:16794)
    at h.value (vscode-file://vscode-app/usr/share/code/resources/app/out/vs/workbench/workbench.desktop.main.js:1560:15597)
    at f.y (vscode-file://vscode-app/usr/share/code/resources/app/out/vs/workbench/workbench.desktop.main.js:87:1902)
    at f.fire (vscode-file://vscode-app/usr/share/code/resources/app/out/vs/workbench/workbench.desktop.main.js:87:2119)
    at s.fire (vscode-file://vscode-app/usr/share/code/resources/app/out/vs/workbench/workbench.desktop.main.js:616:14396)
    at Q.onmessage (vscode-file://vscode-app/usr/share/code/resources/app/out/vs/workbench/workbench.desktop.main.js:1655:1077)
2023-11-14 12:05:51.633 [info] Extension host terminating: renderer closed the MessagePort
2023-11-14 12:05:51.821 [info] Extension host with pid 69938 exiting with code 0
