2023-11-14 12:01:48.684 [info] Log level: Info
2023-11-14 12:01:48.684 [info] Validating found git in: "git"
2023-11-14 12:01:48.684 [info] Using git "2.42.0" from "git"
2023-11-14 12:01:48.684 [info] > git rev-parse --show-toplevel [122ms]
2023-11-14 12:01:48.684 [info] fatal: not a git repository (or any of the parent directories): .git
2023-11-14 12:01:48.684 [info] > git rev-parse --show-toplevel [21ms]
2023-11-14 12:01:48.684 [info] fatal: not a git repository (or any of the parent directories): .git
2023-11-14 12:01:48.687 [info] > git rev-parse --show-toplevel [72ms]
2023-11-14 12:01:48.687 [info] fatal: not a git repository (or any of the parent directories): .git
2023-11-14 12:01:48.887 [info] > git rev-parse --show-toplevel [186ms]
2023-11-14 12:01:48.887 [info] fatal: not a git repository (or any of the parent directories): .git
2023-11-14 12:01:48.935 [info] > git rev-parse --show-toplevel [17ms]
2023-11-14 12:01:48.935 [info] fatal: not a git repository (or any of the parent directories): .git
2023-11-14 12:01:48.959 [info] > git rev-parse --show-toplevel [7ms]
2023-11-14 12:01:48.960 [info] fatal: not a git repository (or any of the parent directories): .git
2023-11-14 12:01:48.983 [info] > git rev-parse --show-toplevel [11ms]
2023-11-14 12:01:48.983 [info] fatal: not a git repository (or any of the parent directories): .git
2023-11-14 12:01:50.532 [info] > git rev-parse --show-toplevel [267ms]
2023-11-14 12:01:50.533 [info] fatal: not a git repository (or any of the parent directories): .git
2023-11-14 12:01:50.729 [info] > git rev-parse --show-toplevel [19ms]
2023-11-14 12:01:50.729 [info] fatal: not a git repository (or any of the parent directories): .git
2023-11-14 12:01:51.097 [info] > git rev-parse --show-toplevel [174ms]
2023-11-14 12:01:51.097 [info] fatal: not a git repository (or any of the parent directories): .git
2023-11-14 12:01:52.093 [info] > git rev-parse --show-toplevel [7ms]
2023-11-14 12:01:52.093 [info] fatal: not a git repository (or any of the parent directories): .git
2023-11-14 12:02:54.418 [info] > git rev-parse --show-toplevel [6ms]
2023-11-14 12:02:54.418 [info] fatal: not a git repository (or any of the parent directories): .git
2023-11-14 12:03:13.542 [info] > git rev-parse --show-toplevel [8ms]
2023-11-14 12:03:13.542 [info] fatal: not a git repository (or any of the parent directories): .git
2023-11-14 12:03:30.722 [info] > git rev-parse --show-toplevel [9ms]
2023-11-14 12:03:30.722 [info] fatal: not a git repository (or any of the parent directories): .git
2023-11-14 12:03:44.180 [info] > git rev-parse --show-toplevel [6ms]
2023-11-14 12:03:44.180 [info] fatal: not a git repository (or any of the parent directories): .git
