2023-11-14 12:01:21.060 [info] Added views:workbench.panel.markers.view in workbench.panel.markers
2023-11-14 12:01:21.060 [info] Added views:workbench.panel.output in workbench.panel.output
2023-11-14 12:01:21.060 [info] Added views:terminal in terminal
2023-11-14 12:01:21.060 [info] Added views:outline in workbench.view.explorer
2023-11-14 12:01:21.060 [info] Added views:workbench.scm in workbench.view.scm
2023-11-14 12:01:21.060 [info] Added views:workbench.view.search in workbench.view.search
2023-11-14 12:01:21.060 [info] Added views:timeline in workbench.view.explorer
2023-11-14 12:01:21.060 [info] Added views:workbench.explorer.emptyView in workbench.view.explorer
2023-11-14 12:01:21.572 [info] Added views:workbench.debug.welcome in workbench.view.debug
2023-11-14 12:01:22.493 [info] Added views:workbench.panel.repl.view in workbench.panel.repl
2023-11-14 12:01:23.657 [info] Added views:~remote.forwardedPorts in ~remote.forwardedPortsContainer
2023-11-14 12:01:41.986 [info] Added views:workbench.panel.markers.view in workbench.panel.markers
2023-11-14 12:01:41.986 [info] Added views:workbench.panel.output in workbench.panel.output
2023-11-14 12:01:41.986 [info] Added views:terminal in terminal
2023-11-14 12:01:41.986 [info] Added views:outline in workbench.view.explorer
2023-11-14 12:01:41.986 [info] Added views:workbench.scm in workbench.view.scm
2023-11-14 12:01:41.986 [info] Added views:workbench.view.search in workbench.view.search
2023-11-14 12:01:41.986 [info] Added views:timeline in workbench.view.explorer
2023-11-14 12:01:41.986 [info] Added views:workbench.explorer.fileView in workbench.view.explorer
2023-11-14 12:01:43.246 [info] Added views:workbench.debug.variablesView,workbench.debug.watchExpressionsView,workbench.debug.callStackView,workbench.debug.breakPointsView in workbench.view.debug
2023-11-14 12:01:43.364 [info] Added views:workbench.panel.repl.view in workbench.panel.repl
2023-11-14 12:01:43.628 [info] Added views:~remote.forwardedPorts in ~remote.forwardedPortsContainer
2023-11-14 12:01:47.197 [info] Added views:vscode-serial-monitor.monitor0 in workbench.view.extension.vscode-serial-monitor-tools
2023-11-14 12:01:47.202 [info] Added views:STM32VSCodeExtension.projectManager,STM32VSCodeExtension.resources in workbench.view.extension.STM32VSCodeExtensionContainer
2023-11-14 12:01:48.503 [info] Added views:memory-view.memoryView in workbench.view.extension.memory-view
2023-11-14 12:01:48.510 [info] Added views:rtos-views.rtos in workbench.view.extension.rtos-views
2023-11-14 12:01:50.916 [info] Added views:stm32ForVSCodeCommands in workbench.view.extension.stm32-for-vscode-commands
2023-11-14 12:05:36.967 [info] Added views:cortex-debug.liveWatch in workbench.view.debug
2023-11-14 12:05:37.310 [info] Added views:mcu-debug.peripheral-viewer.svd in workbench.view.debug
